<?xml version="1.0" encoding="UTF-8"?>
<!-- Generated by org.testng.reporters.JUnitReportReporter -->
<testsuite hostname="LAPTOP-F40721BC" failures="0" tests="1" name="com.sportstaktest.TestRunner.TestRunner" time="447.298" errors="0" timestamp="2023-01-16T13:07:35 IST" skipped="0">
  <testcase classname="com.sportstaktest.TestRunner.TestRunner" name="feature" time="447.298"/>
  <system-out/>
</testsuite> <!-- com.sportstaktest.TestRunner.TestRunner -->
